<html>
<head>
<title>TestNG:   Test listener</title>
<link href="../testng.css" rel="stylesheet" type="text/css" />
<link href="../my-testng.css" rel="stylesheet" type="text/css" />

<style type="text/css">
.log { display: none;} 
.stack-trace { display: none;} 
</style>
<script type="text/javascript">
<!--
function flip(e) {
  current = e.style.display;
  if (current == 'block') {
    e.style.display = 'none';
    return 0;
  }
  else {
    e.style.display = 'block';
    return 1;
  }
}

function toggleBox(szDivId, elem, msg1, msg2)
{
  var res = -1;  if (document.getElementById) {
    res = flip(document.getElementById(szDivId));
  }
  else if (document.all) {
    // this is the way old msie versions work
    res = flip(document.all[szDivId]);
  }
  if(elem) {
    if(res == 0) elem.innerHTML = msg1; else elem.innerHTML = msg2;
  }

}

function toggleAllBoxes() {
  if (document.getElementsByTagName) {
    d = document.getElementsByTagName('div');
    for (i = 0; i < d.length; i++) {
      if (d[i].className == 'log') {
        flip(d[i]);
      }
    }
  }
}

// -->
</script>

</head>
<body>
<h2 align='center'> Test listener</h2><table border='1' align="center">
<tr>
<td>Tests passed/Failed/Skipped:</td><td>6/0/3</td>
</tr><tr>
<td>Started on:</td><td>Wed Dec 16 17:50:23 IST 2020</td>
</tr>
<tr><td>Total time:</td><td>0 seconds (90 ms)</td>
</tr><tr>
<td>Included groups:</td><td></td>
</tr><tr>
<td>Excluded groups:</td><td></td>
</tr>
</table><p/>
<small><i>(Hover the method name to see the test class name)</i></small><p/>
<table width='100%' border='1' class='invocation-passed'>
<tr><td colspan='4' align='center'><b>PASSED TESTS</b></td></tr>
<tr><td><b>Test method</b></td>
<td width="30%"><b>Exception</b></td>
<td width="10%"><b>Time (seconds)</b></td>
<td><b>Instance</b></td>
</tr>
<tr>
<td title='testNg.ListenerTestClas.test1()'><b>test1</b><br>Test class: testNg.ListenerTestClas<br/>
<a href="#Output-36333492" onClick='toggleBox("Output-36333492", this, "Show output", "Hide output");'>Show output</a>

<a href="#Output-36333492" onClick="toggleAllBoxes();">Show all outputs</a>
<div class='log' id="Output-36333492">
test started :test1<br/>
test passsed :test1<br/>
</div>
</td>
<td></td>
<td>0</td>
<td>testNg.ListenerTestClas@1d057a39</td></tr>
<tr>
<td title='testNg.ListenerTestClas.test3()'><b>test3</b><br>Test class: testNg.ListenerTestClas<br/>
<a href="#Output-817406040" onClick='toggleBox("Output-817406040", this, "Show output", "Hide output");'>Show output</a>

<a href="#Output-817406040" onClick="toggleAllBoxes();">Show all outputs</a>
<div class='log' id="Output-817406040">
test started :test3<br/>
test passsed :test3<br/>
</div>
</td>
<td></td>
<td>0</td>
<td>testNg.ListenerTestClas@1d057a39</td></tr>
<tr>
<td title='testNg.ListenerTestClas.test3()'><b>test3</b><br>Test class: testNg.ListenerTestClas<br/>
<a href="#Output-1955915048" onClick='toggleBox("Output-1955915048", this, "Show output", "Hide output");'>Show output</a>

<a href="#Output-1955915048" onClick="toggleAllBoxes();">Show all outputs</a>
<div class='log' id="Output-1955915048">
test started :test3<br/>
test passsed :test3<br/>
</div>
</td>
<td></td>
<td>0</td>
<td>testNg.ListenerTestClas@1d057a39</td></tr>
<tr>
<td title='testNg.ListenerTestClas.test3()'><b>test3</b><br>Test class: testNg.ListenerTestClas<br/>
<a href="#Output-1270855946" onClick='toggleBox("Output-1270855946", this, "Show output", "Hide output");'>Show output</a>

<a href="#Output-1270855946" onClick="toggleAllBoxes();">Show all outputs</a>
<div class='log' id="Output-1270855946">
test started :test3<br/>
test passsed :test3<br/>
</div>
</td>
<td></td>
<td>0</td>
<td>testNg.ListenerTestClas@1d057a39</td></tr>
<tr>
<td title='testNg.ListenerTestClas.test3()'><b>test3</b><br>Test class: testNg.ListenerTestClas<br/>
<a href="#Output-2083117811" onClick='toggleBox("Output-2083117811", this, "Show output", "Hide output");'>Show output</a>

<a href="#Output-2083117811" onClick="toggleAllBoxes();">Show all outputs</a>
<div class='log' id="Output-2083117811">
test started :test3<br/>
test passsed :test3<br/>
</div>
</td>
<td></td>
<td>0</td>
<td>testNg.ListenerTestClas@1d057a39</td></tr>
<tr>
<td title='testNg.ListenerTestClas.test3()'><b>test3</b><br>Test class: testNg.ListenerTestClas<br/>
<a href="#Output-157683534" onClick='toggleBox("Output-157683534", this, "Show output", "Hide output");'>Show output</a>

<a href="#Output-157683534" onClick="toggleAllBoxes();">Show all outputs</a>
<div class='log' id="Output-157683534">
test started :test3<br/>
test passsed :test3<br/>
</div>
</td>
<td></td>
<td>0</td>
<td>testNg.ListenerTestClas@1d057a39</td></tr>
</table><p>
<table width='100%' border='1' class='invocation-skipped'>
<tr><td colspan='4' align='center'><b>SKIPPED TESTS</b></td></tr>
<tr><td><b>Test method</b></td>
<td width="30%"><b>Exception</b></td>
<td width="10%"><b>Time (seconds)</b></td>
<td><b>Instance</b></td>
</tr>
<tr>
<td title='testNg.ListenerTestClas.test2()'><b>test2</b><br>Test class: testNg.ListenerTestClas<br/>
<a href="#Output-1468357786" onClick='toggleBox("Output-1468357786", this, "Show output", "Hide output");'>Show output</a>

<a href="#Output-1468357786" onClick="toggleAllBoxes();">Show all outputs</a>
<div class='log' id="Output-1468357786">
test started :test2<br/>
test skipped :test2<br/>
</div>
</td>
<td><div><pre>org.testng.SkipException: skipping test2
	at testNg.ListenerTestClas.test2(ListenerTestClas.java:19)
... Removed 26 stack frames</pre></div><a href='#' onClick='toggleBox("stack-trace1468357786", this, "Click to show all stack frames", "Click to hide stack frames")'>Click to show all stack frames</a>
<div class='stack-trace' id='stack-trace1468357786'><pre>org.testng.SkipException: skipping test2
	at testNg.ListenerTestClas.test2(ListenerTestClas.java:19)
	at sun.reflect.NativeMethodAccessorImpl.invoke0(Native Method)
	at sun.reflect.NativeMethodAccessorImpl.invoke(NativeMethodAccessorImpl.java:62)
	at sun.reflect.DelegatingMethodAccessorImpl.invoke(DelegatingMethodAccessorImpl.java:43)
	at java.lang.reflect.Method.invoke(Method.java:483)
	at org.testng.internal.MethodInvocationHelper.invokeMethod(MethodInvocationHelper.java:124)
	at org.testng.internal.Invoker.invokeMethod(Invoker.java:583)
	at org.testng.internal.Invoker.invokeTestMethod(Invoker.java:719)
	at org.testng.internal.Invoker.invokeTestMethods(Invoker.java:989)
	at org.testng.internal.TestMethodWorker.invokeTestMethods(TestMethodWorker.java:125)
	at org.testng.internal.TestMethodWorker.run(TestMethodWorker.java:109)
	at org.testng.TestRunner.privateRun(TestRunner.java:648)
	at org.testng.TestRunner.run(TestRunner.java:505)
	at org.testng.SuiteRunner.runTest(SuiteRunner.java:455)
	at org.testng.SuiteRunner.runSequentially(SuiteRunner.java:450)
	at org.testng.SuiteRunner.privateRun(SuiteRunner.java:415)
	at org.testng.SuiteRunner.run(SuiteRunner.java:364)
	at org.testng.SuiteRunnerWorker.runSuite(SuiteRunnerWorker.java:52)
	at org.testng.SuiteRunnerWorker.run(SuiteRunnerWorker.java:84)
	at org.testng.TestNG.runSuitesSequentially(TestNG.java:1208)
	at org.testng.TestNG.runSuitesSequentially(TestNG.java:1204)
	at org.testng.TestNG.runSuitesLocally(TestNG.java:1137)
	at org.testng.TestNG.runSuites(TestNG.java:1049)
	at org.testng.TestNG.run(TestNG.java:1017)
	at org.testng.remote.AbstractRemoteTestNG.run(AbstractRemoteTestNG.java:114)
	at org.testng.remote.RemoteTestNG.initAndRun(RemoteTestNG.java:251)
	at org.testng.remote.RemoteTestNG.main(RemoteTestNG.java:77)
</pre></div></td>
<td>0</td>
<td>testNg.ListenerTestClas@1d057a39</td></tr>
<tr>
<td title='testNg.ListenerTestClas.test3()'><b>test3</b><br>Test class: testNg.ListenerTestClas<br/>
<a href="#Output-990398217" onClick='toggleBox("Output-990398217", this, "Show output", "Hide output");'>Show output</a>

<a href="#Output-990398217" onClick="toggleAllBoxes();">Show all outputs</a>
<div class='log' id="Output-990398217">
test started :test3<br/>
test skipped :test3<br/>
</div>
</td>
<td><div><pre>java.lang.AssertionError: expected [4] but found [1]
	at testNg.ListenerTestClas.test3(ListenerTestClas.java:31)
... Removed 32 stack frames</pre></div><a href='#' onClick='toggleBox("stack-trace990398217", this, "Click to show all stack frames", "Click to hide stack frames")'>Click to show all stack frames</a>
<div class='stack-trace' id='stack-trace990398217'><pre>java.lang.AssertionError: expected [4] but found [1]
	at org.testng.Assert.fail(Assert.java:96)
	at org.testng.Assert.failNotEquals(Assert.java:776)
	at org.testng.Assert.assertEqualsImpl(Assert.java:137)
	at org.testng.Assert.assertEquals(Assert.java:118)
	at org.testng.Assert.assertEquals(Assert.java:652)
	at org.testng.Assert.assertEquals(Assert.java:662)
	at testNg.ListenerTestClas.test3(ListenerTestClas.java:31)
	at sun.reflect.NativeMethodAccessorImpl.invoke0(Native Method)
	at sun.reflect.NativeMethodAccessorImpl.invoke(NativeMethodAccessorImpl.java:62)
	at sun.reflect.DelegatingMethodAccessorImpl.invoke(DelegatingMethodAccessorImpl.java:43)
	at java.lang.reflect.Method.invoke(Method.java:483)
	at org.testng.internal.MethodInvocationHelper.invokeMethod(MethodInvocationHelper.java:124)
	at org.testng.internal.Invoker.invokeMethod(Invoker.java:583)
	at org.testng.internal.Invoker.invokeTestMethod(Invoker.java:719)
	at org.testng.internal.Invoker.invokeTestMethods(Invoker.java:989)
	at org.testng.internal.TestMethodWorker.invokeTestMethods(TestMethodWorker.java:125)
	at org.testng.internal.TestMethodWorker.run(TestMethodWorker.java:109)
	at org.testng.TestRunner.privateRun(TestRunner.java:648)
	at org.testng.TestRunner.run(TestRunner.java:505)
	at org.testng.SuiteRunner.runTest(SuiteRunner.java:455)
	at org.testng.SuiteRunner.runSequentially(SuiteRunner.java:450)
	at org.testng.SuiteRunner.privateRun(SuiteRunner.java:415)
	at org.testng.SuiteRunner.run(SuiteRunner.java:364)
	at org.testng.SuiteRunnerWorker.runSuite(SuiteRunnerWorker.java:52)
	at org.testng.SuiteRunnerWorker.run(SuiteRunnerWorker.java:84)
	at org.testng.TestNG.runSuitesSequentially(TestNG.java:1208)
	at org.testng.TestNG.runSuitesSequentially(TestNG.java:1204)
	at org.testng.TestNG.runSuitesLocally(TestNG.java:1137)
	at org.testng.TestNG.runSuites(TestNG.java:1049)
	at org.testng.TestNG.run(TestNG.java:1017)
	at org.testng.remote.AbstractRemoteTestNG.run(AbstractRemoteTestNG.java:114)
	at org.testng.remote.RemoteTestNG.initAndRun(RemoteTestNG.java:251)
	at org.testng.remote.RemoteTestNG.main(RemoteTestNG.java:77)
</pre></div></td>
<td>0</td>
<td>testNg.ListenerTestClas@1d057a39</td></tr>
<tr>
<td title='testNg.ListenerTestClas.test3()'><b>test3</b><br>Test class: testNg.ListenerTestClas<br/>
<a href="#Output-11003494" onClick='toggleBox("Output-11003494", this, "Show output", "Hide output");'>Show output</a>

<a href="#Output-11003494" onClick="toggleAllBoxes();">Show all outputs</a>
<div class='log' id="Output-11003494">
test started :test3<br/>
test skipped :test3<br/>
</div>
</td>
<td><div><pre>java.lang.AssertionError: expected [4] but found [2]
	at testNg.ListenerTestClas.test3(ListenerTestClas.java:31)
... Removed 32 stack frames</pre></div><a href='#' onClick='toggleBox("stack-trace11003494", this, "Click to show all stack frames", "Click to hide stack frames")'>Click to show all stack frames</a>
<div class='stack-trace' id='stack-trace11003494'><pre>java.lang.AssertionError: expected [4] but found [2]
	at org.testng.Assert.fail(Assert.java:96)
	at org.testng.Assert.failNotEquals(Assert.java:776)
	at org.testng.Assert.assertEqualsImpl(Assert.java:137)
	at org.testng.Assert.assertEquals(Assert.java:118)
	at org.testng.Assert.assertEquals(Assert.java:652)
	at org.testng.Assert.assertEquals(Assert.java:662)
	at testNg.ListenerTestClas.test3(ListenerTestClas.java:31)
	at sun.reflect.NativeMethodAccessorImpl.invoke0(Native Method)
	at sun.reflect.NativeMethodAccessorImpl.invoke(NativeMethodAccessorImpl.java:62)
	at sun.reflect.DelegatingMethodAccessorImpl.invoke(DelegatingMethodAccessorImpl.java:43)
	at java.lang.reflect.Method.invoke(Method.java:483)
	at org.testng.internal.MethodInvocationHelper.invokeMethod(MethodInvocationHelper.java:124)
	at org.testng.internal.Invoker.invokeMethod(Invoker.java:583)
	at org.testng.internal.Invoker.retryFailed(Invoker.java:839)
	at org.testng.internal.Invoker.invokeTestMethods(Invoker.java:1010)
	at org.testng.internal.TestMethodWorker.invokeTestMethods(TestMethodWorker.java:125)
	at org.testng.internal.TestMethodWorker.run(TestMethodWorker.java:109)
	at org.testng.TestRunner.privateRun(TestRunner.java:648)
	at org.testng.TestRunner.run(TestRunner.java:505)
	at org.testng.SuiteRunner.runTest(SuiteRunner.java:455)
	at org.testng.SuiteRunner.runSequentially(SuiteRunner.java:450)
	at org.testng.SuiteRunner.privateRun(SuiteRunner.java:415)
	at org.testng.SuiteRunner.run(SuiteRunner.java:364)
	at org.testng.SuiteRunnerWorker.runSuite(SuiteRunnerWorker.java:52)
	at org.testng.SuiteRunnerWorker.run(SuiteRunnerWorker.java:84)
	at org.testng.TestNG.runSuitesSequentially(TestNG.java:1208)
	at org.testng.TestNG.runSuitesSequentially(TestNG.java:1204)
	at org.testng.TestNG.runSuitesLocally(TestNG.java:1137)
	at org.testng.TestNG.runSuites(TestNG.java:1049)
	at org.testng.TestNG.run(TestNG.java:1017)
	at org.testng.remote.AbstractRemoteTestNG.run(AbstractRemoteTestNG.java:114)
	at org.testng.remote.RemoteTestNG.initAndRun(RemoteTestNG.java:251)
	at org.testng.remote.RemoteTestNG.main(RemoteTestNG.java:77)
</pre></div></td>
<td>0</td>
<td>testNg.ListenerTestClas@1d057a39</td></tr>
</table><p>
</body>
</html>